<?xml version="1.0" encoding="UTF-8"?>
<testng-results ignored="0" total="3" passed="3" failed="0" skipped="0">
  <reporter-output>
  </reporter-output>
  <suite started-at="2023-12-13T18:25:56 EST" name="Suite" finished-at="2023-12-13T18:26:02 EST" duration-ms="5598">
    <groups>
    </groups>
    <test started-at="2023-12-13T18:25:56 EST" name="Testchrome" finished-at="2023-12-13T18:25:59 EST" duration-ms="2357">
      <class name="factory.DriverFactory">
        <test-method is-config="true" signature="initializeDrivers(java.lang.String)[pri:0, instance:factory.DriverFactory@22bac7bc]" started-at="2023-12-13T18:25:56 EST" name="initializeDrivers" finished-at="2023-12-13T18:25:58 EST" duration-ms="1747" status="PASS">
          <params>
            <param index="0">
              <value>
                <![CDATA[chrome]]>
              </value>
            </param>
          </params>
          <reporter-output>
          </reporter-output>
        </test-method> <!-- initializeDrivers -->
        <test-method signature="test()[pri:0, instance:factory.DriverFactory@22bac7bc]" started-at="2023-12-13T18:25:58 EST" name="test" finished-at="2023-12-13T18:25:58 EST" duration-ms="353" status="PASS">
          <reporter-output>
          </reporter-output>
        </test-method> <!-- test -->
        <test-method is-config="true" signature="closeallDriver()[pri:0, instance:factory.DriverFactory@22bac7bc]" started-at="2023-12-13T18:25:59 EST" name="closeallDriver" finished-at="2023-12-13T18:25:59 EST" duration-ms="132" status="PASS">
          <reporter-output>
          </reporter-output>
        </test-method> <!-- closeallDriver -->
      </class> <!-- factory.DriverFactory -->
    </test> <!-- Testchrome -->
    <test started-at="2023-12-13T18:25:56 EST" name="Testedge" finished-at="2023-12-13T18:26:01 EST" duration-ms="4445">
      <class name="factory.DriverFactory">
        <test-method is-config="true" signature="initializeDrivers(java.lang.String)[pri:0, instance:factory.DriverFactory@71454b9d]" started-at="2023-12-13T18:25:56 EST" name="initializeDrivers" finished-at="2023-12-13T18:26:00 EST" duration-ms="3836" status="PASS">
          <params>
            <param index="0">
              <value>
                <![CDATA[edge]]>
              </value>
            </param>
          </params>
          <reporter-output>
          </reporter-output>
        </test-method> <!-- initializeDrivers -->
        <test-method signature="test()[pri:0, instance:factory.DriverFactory@71454b9d]" started-at="2023-12-13T18:26:00 EST" name="test" finished-at="2023-12-13T18:26:01 EST" duration-ms="360" status="PASS">
          <reporter-output>
          </reporter-output>
        </test-method> <!-- test -->
        <test-method is-config="true" signature="closeallDriver()[pri:0, instance:factory.DriverFactory@71454b9d]" started-at="2023-12-13T18:26:01 EST" name="closeallDriver" finished-at="2023-12-13T18:26:01 EST" duration-ms="232" status="PASS">
          <reporter-output>
          </reporter-output>
        </test-method> <!-- closeallDriver -->
      </class> <!-- factory.DriverFactory -->
    </test> <!-- Testedge -->
    <test started-at="2023-12-13T18:25:56 EST" name="Testfirefox" finished-at="2023-12-13T18:26:02 EST" duration-ms="5598">
      <class name="factory.DriverFactory">
        <test-method is-config="true" signature="initializeDrivers(java.lang.String)[pri:0, instance:factory.DriverFactory@46268f08]" started-at="2023-12-13T18:25:56 EST" name="initializeDrivers" finished-at="2023-12-13T18:26:01 EST" duration-ms="4218" status="PASS">
          <params>
            <param index="0">
              <value>
                <![CDATA[firefox]]>
              </value>
            </param>
          </params>
          <reporter-output>
          </reporter-output>
        </test-method> <!-- initializeDrivers -->
        <test-method signature="test()[pri:0, instance:factory.DriverFactory@46268f08]" started-at="2023-12-13T18:26:01 EST" name="test" finished-at="2023-12-13T18:26:01 EST" duration-ms="569" status="PASS">
          <reporter-output>
          </reporter-output>
        </test-method> <!-- test -->
        <test-method is-config="true" signature="closeallDriver()[pri:0, instance:factory.DriverFactory@46268f08]" started-at="2023-12-13T18:26:01 EST" name="closeallDriver" finished-at="2023-12-13T18:26:02 EST" duration-ms="793" status="PASS">
          <reporter-output>
          </reporter-output>
        </test-method> <!-- closeallDriver -->
      </class> <!-- factory.DriverFactory -->
    </test> <!-- Testfirefox -->
  </suite> <!-- Suite -->
</testng-results>
