<?xml version="1.0" encoding="UTF-8"?>
<testng-results ignored="0" total="0" passed="0" failed="0" skipped="0">
  <reporter-output>
  </reporter-output>
  <suite started-at="2023-11-16T22:27:23 EST" name="Suite" finished-at="2023-11-16T22:27:23 EST" duration-ms="106">
    <groups>
    </groups>
    <test started-at="2023-11-16T22:27:23 EST" name="Testchrome" finished-at="2023-11-16T22:27:23 EST" duration-ms="19">
    </test> <!-- Testchrome -->
    <test started-at="2023-11-16T22:27:23 EST" name="Testedge" finished-at="2023-11-16T22:27:23 EST" duration-ms="1">
    </test> <!-- Testedge -->
  </suite> <!-- Suite -->
</testng-results>
